#! /usr/local/Cellar/icarus-verilog/12.0/bin/vvp
:ivl_version "12.0 (stable)";
:ivl_delay_selection "TYPICAL";
:vpi_time_precision + 0;
:vpi_module "/usr/local/Cellar/icarus-verilog/12.0/lib/ivl/system.vpi";
:vpi_module "/usr/local/Cellar/icarus-verilog/12.0/lib/ivl/vhdl_sys.vpi";
:vpi_module "/usr/local/Cellar/icarus-verilog/12.0/lib/ivl/vhdl_textio.vpi";
:vpi_module "/usr/local/Cellar/icarus-verilog/12.0/lib/ivl/v2005_math.vpi";
:vpi_module "/usr/local/Cellar/icarus-verilog/12.0/lib/ivl/va_math.vpi";
:vpi_module "/usr/local/Cellar/icarus-verilog/12.0/lib/ivl/v2009.vpi";
S_0x7f8ec1c04160 .scope package, "$unit" "$unit" 2 1;
 .timescale 0 0;
enum0x7f8ec1806f60 .enum4 (6)
   "ldur" 6'b000000,
   "ldp" 6'b000001,
   "stur" 6'b000010,
   "stp" 6'b000011,
   "movk" 6'b000100,
   "movz" 6'b000101,
   "adr" 6'b000110,
   "adrp" 6'b000111,
   "cinc" 6'b001000,
   "cinv" 6'b001001,
   "csneg" 6'b001010,
   "csel" 6'b001011,
   "cset" 6'b001100,
   "csetiv" 6'b001101,
   "csinc" 6'b001110,
   "csinv" 6'b001111,
   "cneg" 6'b010000,
   "add" 6'b010001,
   "adds" 6'b010010,
   "sub" 6'b010011,
   "subs" 6'b010100,
   "cmp" 6'b010101,
   "mvn" 6'b010110,
   "orr" 6'b010111,
   "eor" 6'b011000,
   "andOp" 6'b011001,
   "ands" 6'b011010,
   "tst" 6'b011011,
   "lsl" 6'b011100,
   "lsr" 6'b011101,
   "sbfm" 6'b011110,
   "ubfm" 6'b011111,
   "asr" 6'b100000,
   "b" 6'b100001,
   "br" 6'b100010,
   "b_cond" 6'b100011,
   "bl" 6'b100100,
   "blr" 6'b100101,
   "cbnz" 6'b100110,
   "cbz" 6'b100111,
   "ret" 6'b101000,
   "nop" 6'b101001,
   "hlt" 6'b101010
 ;
enum0x7f8ec0f0fa40 .enum4 (3)
   "S0" 3'b000,
   "S1" 3'b001,
   "S2" 3'b010,
   "S3" 3'b011,
   "S4" 3'b100,
   "S5" 3'b101
 ;
S_0x7f8ec1c04340 .scope module, "instruction_parser" "instruction_parser" 3 56;
 .timescale 0 0;
    .port_info 0 /INPUT 32 "insnbits";
    .port_info 1 /INPUT 1 "clk_in";
    .port_info 2 /OUTPUT 6 "opcode";
v0x7f8ec1c04de0_0 .net *"_ivl_1", 10 0, L_0x7f8ec1c166c0;  1 drivers
o0x7f8ec1932038 .functor BUFZ 1, C4<z>; HiZ drive
v0x7f8ec1c14ea0_0 .net "clk_in", 0 0, o0x7f8ec1932038;  0 drivers
o0x7f8ec1932068 .functor BUFZ 32, C4<zzzzzzzzzzzzzzzzzzzzzzzzzzzzzzzz>; HiZ drive
v0x7f8ec1c14f40_0 .net "insnbits", 31 0, o0x7f8ec1932068;  0 drivers
v0x7f8ec1c15000_0 .var "opcode", 5 0;
v0x7f8ec1c150b0_0 .net "top11", 0 0, L_0x7f8ec1c16760;  1 drivers
E_0x7f8ec1c042e0 .event posedge, v0x7f8ec1c14ea0_0;
L_0x7f8ec1c166c0 .part o0x7f8ec1932068, 21, 11;
L_0x7f8ec1c16760 .part L_0x7f8ec1c166c0, 0, 1;
S_0x7f8ec1c04c20 .scope begin, "main_controller" "main_controller" 3 66, 3 66 0, S_0x7f8ec1c04340;
 .timescale 0 0;
S_0x7f8ec1c04510 .scope module, "regfile" "regfile" 3 224;
 .timescale 0 0;
    .port_info 0 /INPUT 5 "read_reg1";
    .port_info 1 /INPUT 5 "read_reg2";
    .port_info 2 /INPUT 5 "write_reg";
    .port_info 3 /INPUT 32 "write_data";
    .port_info 4 /INPUT 1 "write_enable";
    .port_info 5 /INPUT 1 "reset";
    .port_info 6 /INPUT 1 "clk";
    .port_info 7 /OUTPUT 32 "read_data1";
    .port_info 8 /OUTPUT 32 "read_data2";
o0x7f8ec1932188 .functor BUFZ 1, C4<z>; HiZ drive
v0x7f8ec1c15220_0 .net "clk", 0 0, o0x7f8ec1932188;  0 drivers
v0x7f8ec1c152d0_0 .var/i "i", 31 0;
v0x7f8ec1c15370_0 .var "read_data1", 31 0;
v0x7f8ec1c15420_0 .var "read_data2", 31 0;
o0x7f8ec1932248 .functor BUFZ 5, C4<zzzzz>; HiZ drive
v0x7f8ec1c154d0_0 .net "read_reg1", 4 0, o0x7f8ec1932248;  0 drivers
o0x7f8ec1932278 .functor BUFZ 5, C4<zzzzz>; HiZ drive
v0x7f8ec1c155c0_0 .net "read_reg2", 4 0, o0x7f8ec1932278;  0 drivers
v0x7f8ec1c15670 .array "registers", 0 31, 31 0;
o0x7f8ec19322a8 .functor BUFZ 1, C4<z>; HiZ drive
v0x7f8ec1c15710_0 .net "reset", 0 0, o0x7f8ec19322a8;  0 drivers
o0x7f8ec19322d8 .functor BUFZ 32, C4<zzzzzzzzzzzzzzzzzzzzzzzzzzzzzzzz>; HiZ drive
v0x7f8ec1c157b0_0 .net "write_data", 31 0, o0x7f8ec19322d8;  0 drivers
o0x7f8ec1932308 .functor BUFZ 1, C4<z>; HiZ drive
v0x7f8ec1c158c0_0 .net "write_enable", 0 0, o0x7f8ec1932308;  0 drivers
o0x7f8ec1932338 .functor BUFZ 5, C4<zzzzz>; HiZ drive
v0x7f8ec1c15960_0 .net "write_reg", 4 0, o0x7f8ec1932338;  0 drivers
E_0x7f8ec1c151c0/0 .event negedge, v0x7f8ec1c15710_0;
E_0x7f8ec1c151c0/1 .event posedge, v0x7f8ec1c15220_0;
E_0x7f8ec1c151c0 .event/or E_0x7f8ec1c151c0/0, E_0x7f8ec1c151c0/1;
S_0x7f8ec1c047c0 .scope module, "tomasulo_execute" "tomasulo_execute" 3 171;
 .timescale 0 0;
    .port_info 0 /INPUT 1 "clk";
    .port_info 1 /INPUT 1 "reset";
    .port_info 2 /INPUT 6 "opcode";
    .port_info 3 /INPUT 5 "src1";
    .port_info 4 /INPUT 5 "src2";
    .port_info 5 /INPUT 7 "imm";
    .port_info 6 /INPUT 2 "dst_res_station";
    .port_info 7 /INPUT 1 "ready_or_not";
    .port_info 8 /INPUT 2 "dest";
    .port_info 9 /INPUT 32 "result_in";
    .port_info 10 /OUTPUT 1 "busy";
    .port_info 11 /OUTPUT 32 "result_out";
    .port_info 12 /OUTPUT 1 "write_enable";
P_0x7f8ec1c04930 .param/l "S_EXECUTING" 0 3 189, C4<01>;
P_0x7f8ec1c04970 .param/l "S_IDLE" 0 3 188, C4<00>;
v0x7f8ec1c15b10_0 .var "busy", 0 0;
o0x7f8ec1932548 .functor BUFZ 1, C4<z>; HiZ drive
v0x7f8ec1c15bc0_0 .net "clk", 0 0, o0x7f8ec1932548;  0 drivers
o0x7f8ec1932578 .functor BUFZ 2, C4<zz>; HiZ drive
v0x7f8ec1c15c60_0 .net "dest", 1 0, o0x7f8ec1932578;  0 drivers
o0x7f8ec19325a8 .functor BUFZ 2, C4<zz>; HiZ drive
v0x7f8ec1c15cf0_0 .net "dst_res_station", 1 0, o0x7f8ec19325a8;  0 drivers
o0x7f8ec19325d8 .functor BUFZ 7, C4<zzzzzzz>; HiZ drive
v0x7f8ec1c15d80_0 .net "imm", 6 0, o0x7f8ec19325d8;  0 drivers
o0x7f8ec1932608 .functor BUFZ 6, C4<zzzzzz>; HiZ drive
v0x7f8ec1c15e70_0 .net "opcode", 5 0, o0x7f8ec1932608;  0 drivers
o0x7f8ec1932638 .functor BUFZ 1, C4<z>; HiZ drive
v0x7f8ec1c15f20_0 .net "ready_or_not", 0 0, o0x7f8ec1932638;  0 drivers
o0x7f8ec1932668 .functor BUFZ 1, C4<z>; HiZ drive
v0x7f8ec1c15fc0_0 .net "reset", 0 0, o0x7f8ec1932668;  0 drivers
v0x7f8ec1c16060_0 .var "result", 63 0;
o0x7f8ec19326c8 .functor BUFZ 32, C4<zzzzzzzzzzzzzzzzzzzzzzzzzzzzzzzz>; HiZ drive
v0x7f8ec1c16170_0 .net "result_in", 31 0, o0x7f8ec19326c8;  0 drivers
v0x7f8ec1c16220_0 .var "result_out", 31 0;
o0x7f8ec1932728 .functor BUFZ 5, C4<zzzzz>; HiZ drive
v0x7f8ec1c162d0_0 .net "src1", 4 0, o0x7f8ec1932728;  0 drivers
o0x7f8ec1932758 .functor BUFZ 5, C4<zzzzz>; HiZ drive
v0x7f8ec1c16380_0 .net "src2", 4 0, o0x7f8ec1932758;  0 drivers
v0x7f8ec1c16430_0 .var "state", 1 0;
v0x7f8ec1c164e0_0 .var "write_enable", 0 0;
E_0x7f8ec1c15560 .event posedge, v0x7f8ec1c15fc0_0, v0x7f8ec1c15bc0_0;
    .scope S_0x7f8ec1c04340;
T_0 ;
    %wait E_0x7f8ec1c042e0;
    %fork t_1, S_0x7f8ec1c04c20;
    %jmp t_0;
    .scope S_0x7f8ec1c04c20;
t_1 ;
    %load/vec4 v0x7f8ec1c150b0_0;
    %pad/u 11;
    %dup/vec4;
    %pushi/vec4 1986, 0, 11;
    %cmp/u;
    %jmp/1 T_0.0, 6;
    %dup/vec4;
    %pushi/vec4 1351, 1, 11;
    %cmp/u;
    %jmp/1 T_0.1, 6;
    %dup/vec4;
    %pushi/vec4 1984, 0, 11;
    %cmp/u;
    %jmp/1 T_0.2, 6;
    %dup/vec4;
    %pushi/vec4 1349, 1, 11;
    %cmp/u;
    %jmp/1 T_0.3, 6;
    %dup/vec4;
    %pushi/vec4 1943, 3, 11;
    %cmp/u;
    %jmp/1 T_0.4, 6;
    %dup/vec4;
    %pushi/vec4 903, 775, 11;
    %cmp/u;
    %jmp/1 T_0.5, 6;
    %dup/vec4;
    %pushi/vec4 1927, 775, 11;
    %cmp/u;
    %jmp/1 T_0.6, 6;
    %dup/vec4;
    %pushi/vec4 1236, 0, 11;
    %cmp/u;
    %jmp/1 T_0.7, 6;
    %dup/vec4;
    %pushi/vec4 1748, 0, 11;
    %cmp/u;
    %jmp/1 T_0.8, 6;
    %dup/vec4;
    %pushi/vec4 1161, 1, 11;
    %cmp/u;
    %jmp/1 T_0.9, 6;
    %dup/vec4;
    %pushi/vec4 1368, 0, 11;
    %cmp/u;
    %jmp/1 T_0.10, 6;
    %dup/vec4;
    %pushi/vec4 1673, 1, 11;
    %cmp/u;
    %jmp/1 T_0.11, 6;
    %dup/vec4;
    %pushi/vec4 1880, 0, 11;
    %cmp/u;
    %jmp/1 T_0.12, 6;
    %dup/vec4;
    %pushi/vec4 1361, 0, 11;
    %cmp/u;
    %jmp/1 T_0.13, 6;
    %dup/vec4;
    %pushi/vec4 1360, 0, 11;
    %cmp/u;
    %jmp/1 T_0.14, 6;
    %dup/vec4;
    %pushi/vec4 1616, 0, 11;
    %cmp/u;
    %jmp/1 T_0.15, 6;
    %dup/vec4;
    %pushi/vec4 1169, 1, 11;
    %cmp/u;
    %jmp/1 T_0.16, 6;
    %dup/vec4;
    %pushi/vec4 1872, 0, 11;
    %cmp/u;
    %jmp/1 T_0.17, 6;
    %dup/vec4;
    %pushi/vec4 1691, 3, 11;
    %cmp/u;
    %jmp/1 T_0.18, 6;
    %dup/vec4;
    %pushi/vec4 1183, 3, 11;
    %cmp/u;
    %jmp/1 T_0.19, 6;
    %dup/vec4;
    %pushi/vec4 1179, 1, 11;
    %cmp/u;
    %jmp/1 T_0.20, 6;
    %dup/vec4;
    %pushi/vec4 191, 31, 11;
    %cmp/u;
    %jmp/1 T_0.21, 6;
    %dup/vec4;
    %pushi/vec4 1712, 0, 11;
    %cmp/u;
    %jmp/1 T_0.22, 6;
    %dup/vec4;
    %pushi/vec4 679, 7, 11;
    %cmp/u;
    %jmp/1 T_0.23, 6;
    %dup/vec4;
    %pushi/vec4 1215, 31, 11;
    %cmp/u;
    %jmp/1 T_0.24, 6;
    %dup/vec4;
    %pushi/vec4 1713, 0, 11;
    %cmp/u;
    %jmp/1 T_0.25, 6;
    %dup/vec4;
    %pushi/vec4 1455, 7, 11;
    %cmp/u;
    %jmp/1 T_0.26, 6;
    %dup/vec4;
    %pushi/vec4 1447, 7, 11;
    %cmp/u;
    %jmp/1 T_0.27, 6;
    %dup/vec4;
    %pushi/vec4 1714, 0, 11;
    %cmp/u;
    %jmp/1 T_0.28, 6;
    %dup/vec4;
    %pushi/vec4 1704, 0, 11;
    %cmp/u;
    %jmp/1 T_0.29, 6;
    %dup/vec4;
    %pushi/vec4 1698, 0, 11;
    %cmp/u;
    %jmp/1 T_0.30, 6;
    %pushi/vec4 0, 0, 6;
    %store/vec4 v0x7f8ec1c15000_0, 0, 6;
    %jmp T_0.32;
T_0.0 ;
    %pushi/vec4 0, 0, 6;
    %store/vec4 v0x7f8ec1c15000_0, 0, 6;
    %jmp T_0.32;
T_0.1 ;
    %pushi/vec4 1, 0, 6;
    %store/vec4 v0x7f8ec1c15000_0, 0, 6;
    %jmp T_0.32;
T_0.2 ;
    %pushi/vec4 2, 0, 6;
    %store/vec4 v0x7f8ec1c15000_0, 0, 6;
    %jmp T_0.32;
T_0.3 ;
    %pushi/vec4 3, 0, 6;
    %store/vec4 v0x7f8ec1c15000_0, 0, 6;
    %jmp T_0.32;
T_0.4 ;
    %pushi/vec4 4, 0, 6;
    %store/vec4 v0x7f8ec1c15000_0, 0, 6;
    %jmp T_0.32;
T_0.5 ;
    %pushi/vec4 6, 0, 6;
    %store/vec4 v0x7f8ec1c15000_0, 0, 6;
    %jmp T_0.32;
T_0.6 ;
    %pushi/vec4 7, 0, 6;
    %store/vec4 v0x7f8ec1c15000_0, 0, 6;
    %jmp T_0.32;
T_0.7 ;
    %pushi/vec4 8, 0, 6;
    %store/vec4 v0x7f8ec1c15000_0, 0, 6;
    %jmp T_0.32;
T_0.8 ;
    %pushi/vec4 9, 0, 6;
    %store/vec4 v0x7f8ec1c15000_0, 0, 6;
    %jmp T_0.32;
T_0.9 ;
    %pushi/vec4 17, 0, 6;
    %store/vec4 v0x7f8ec1c15000_0, 0, 6;
    %jmp T_0.32;
T_0.10 ;
    %pushi/vec4 18, 0, 6;
    %store/vec4 v0x7f8ec1c15000_0, 0, 6;
    %jmp T_0.32;
T_0.11 ;
    %pushi/vec4 19, 0, 6;
    %store/vec4 v0x7f8ec1c15000_0, 0, 6;
    %jmp T_0.32;
T_0.12 ;
    %pushi/vec4 20, 0, 6;
    %store/vec4 v0x7f8ec1c15000_0, 0, 6;
    %jmp T_0.32;
T_0.13 ;
    %pushi/vec4 22, 0, 6;
    %store/vec4 v0x7f8ec1c15000_0, 0, 6;
    %jmp T_0.32;
T_0.14 ;
    %pushi/vec4 23, 0, 6;
    %store/vec4 v0x7f8ec1c15000_0, 0, 6;
    %jmp T_0.32;
T_0.15 ;
    %pushi/vec4 24, 0, 6;
    %store/vec4 v0x7f8ec1c15000_0, 0, 6;
    %jmp T_0.32;
T_0.16 ;
    %pushi/vec4 25, 0, 6;
    %store/vec4 v0x7f8ec1c15000_0, 0, 6;
    %jmp T_0.32;
T_0.17 ;
    %pushi/vec4 26, 0, 6;
    %store/vec4 v0x7f8ec1c15000_0, 0, 6;
    %jmp T_0.32;
T_0.18 ;
    %pushi/vec4 31, 0, 6;
    %store/vec4 v0x7f8ec1c15000_0, 0, 6;
    %jmp T_0.32;
T_0.19 ;
    %pushi/vec4 30, 0, 6;
    %store/vec4 v0x7f8ec1c15000_0, 0, 6;
    %jmp T_0.32;
T_0.20 ;
    %pushi/vec4 32, 0, 6;
    %store/vec4 v0x7f8ec1c15000_0, 0, 6;
    %jmp T_0.32;
T_0.21 ;
    %pushi/vec4 33, 0, 6;
    %store/vec4 v0x7f8ec1c15000_0, 0, 6;
    %jmp T_0.32;
T_0.22 ;
    %pushi/vec4 34, 0, 6;
    %store/vec4 v0x7f8ec1c15000_0, 0, 6;
    %jmp T_0.32;
T_0.23 ;
    %pushi/vec4 35, 0, 6;
    %store/vec4 v0x7f8ec1c15000_0, 0, 6;
    %jmp T_0.32;
T_0.24 ;
    %pushi/vec4 36, 0, 6;
    %store/vec4 v0x7f8ec1c15000_0, 0, 6;
    %jmp T_0.32;
T_0.25 ;
    %pushi/vec4 37, 0, 6;
    %store/vec4 v0x7f8ec1c15000_0, 0, 6;
    %jmp T_0.32;
T_0.26 ;
    %pushi/vec4 38, 0, 6;
    %store/vec4 v0x7f8ec1c15000_0, 0, 6;
    %jmp T_0.32;
T_0.27 ;
    %pushi/vec4 39, 0, 6;
    %store/vec4 v0x7f8ec1c15000_0, 0, 6;
    %jmp T_0.32;
T_0.28 ;
    %pushi/vec4 40, 0, 6;
    %store/vec4 v0x7f8ec1c15000_0, 0, 6;
    %jmp T_0.32;
T_0.29 ;
    %pushi/vec4 41, 0, 6;
    %store/vec4 v0x7f8ec1c15000_0, 0, 6;
    %jmp T_0.32;
T_0.30 ;
    %pushi/vec4 42, 0, 6;
    %store/vec4 v0x7f8ec1c15000_0, 0, 6;
    %jmp T_0.32;
T_0.32 ;
    %pop/vec4 1;
    %end;
    .scope S_0x7f8ec1c04340;
t_0 %join;
    %jmp T_0;
    .thread T_0;
    .scope S_0x7f8ec1c04510;
T_1 ;
    %wait E_0x7f8ec1c151c0;
    %load/vec4 v0x7f8ec1c15710_0;
    %nor/r;
    %flag_set/vec4 8;
    %jmp/0xz  T_1.0, 8;
    %pushi/vec4 0, 0, 32;
    %store/vec4 v0x7f8ec1c152d0_0, 0, 32;
T_1.2 ;
    %load/vec4 v0x7f8ec1c152d0_0;
    %cmpi/s 32, 0, 32;
    %jmp/0xz T_1.3, 5;
    %pushi/vec4 0, 0, 32;
    %ix/getv/s 3, v0x7f8ec1c152d0_0;
    %ix/load 4, 0, 0; Constant delay
    %assign/vec4/a/d v0x7f8ec1c15670, 0, 4;
    %load/vec4 v0x7f8ec1c152d0_0;
    %addi 1, 0, 32;
    %store/vec4 v0x7f8ec1c152d0_0, 0, 32;
    %jmp T_1.2;
T_1.3 ;
    %jmp T_1.1;
T_1.0 ;
    %load/vec4 v0x7f8ec1c154d0_0;
    %pad/u 7;
    %ix/vec4 4;
    %load/vec4a v0x7f8ec1c15670, 4;
    %assign/vec4 v0x7f8ec1c15370_0, 0;
    %load/vec4 v0x7f8ec1c155c0_0;
    %pad/u 7;
    %ix/vec4 4;
    %load/vec4a v0x7f8ec1c15670, 4;
    %assign/vec4 v0x7f8ec1c15420_0, 0;
    %load/vec4 v0x7f8ec1c158c0_0;
    %flag_set/vec4 8;
    %jmp/0xz  T_1.4, 8;
    %load/vec4 v0x7f8ec1c157b0_0;
    %load/vec4 v0x7f8ec1c15960_0;
    %pad/u 7;
    %ix/vec4 3;
    %ix/load 4, 0, 0; Constant delay
    %assign/vec4/a/d v0x7f8ec1c15670, 0, 4;
T_1.4 ;
T_1.1 ;
    %jmp T_1;
    .thread T_1;
    .scope S_0x7f8ec1c047c0;
T_2 ;
    %wait E_0x7f8ec1c15560;
    %load/vec4 v0x7f8ec1c15fc0_0;
    %flag_set/vec4 8;
    %jmp/0xz  T_2.0, 8;
    %pushi/vec4 0, 0, 2;
    %assign/vec4 v0x7f8ec1c16430_0, 0;
    %pushi/vec4 0, 0, 64;
    %assign/vec4 v0x7f8ec1c16060_0, 0;
    %pushi/vec4 0, 0, 1;
    %assign/vec4 v0x7f8ec1c15b10_0, 0;
    %jmp T_2.1;
T_2.0 ;
    %load/vec4 v0x7f8ec1c16430_0;
    %dup/vec4;
    %pushi/vec4 0, 0, 2;
    %cmp/u;
    %jmp/1 T_2.2, 6;
    %dup/vec4;
    %pushi/vec4 1, 0, 2;
    %cmp/u;
    %jmp/1 T_2.3, 6;
    %jmp T_2.4;
T_2.2 ;
    %load/vec4 v0x7f8ec1c15f20_0;
    %nor/r;
    %flag_set/vec4 8;
    %jmp/0xz  T_2.5, 8;
    %pushi/vec4 1, 0, 2;
    %assign/vec4 v0x7f8ec1c16430_0, 0;
    %pushi/vec4 1, 0, 1;
    %assign/vec4 v0x7f8ec1c15b10_0, 0;
T_2.5 ;
    %jmp T_2.4;
T_2.3 ;
    %jmp T_2.4;
T_2.4 ;
    %pop/vec4 1;
T_2.1 ;
    %jmp T_2;
    .thread T_2;
# The file index is used to find the file name in the following table.
:file_names 4;
    "N/A";
    "<interactive>";
    "-";
    "core.sv";
