#! /usr/local/Cellar/icarus-verilog/12.0/bin/vvp
:ivl_version "12.0 (stable)";
:ivl_delay_selection "TYPICAL";
:vpi_time_precision + 0;
:vpi_module "/usr/local/Cellar/icarus-verilog/12.0/lib/ivl/system.vpi";
:vpi_module "/usr/local/Cellar/icarus-verilog/12.0/lib/ivl/vhdl_sys.vpi";
:vpi_module "/usr/local/Cellar/icarus-verilog/12.0/lib/ivl/vhdl_textio.vpi";
:vpi_module "/usr/local/Cellar/icarus-verilog/12.0/lib/ivl/v2005_math.vpi";
:vpi_module "/usr/local/Cellar/icarus-verilog/12.0/lib/ivl/va_math.vpi";
:vpi_module "/usr/local/Cellar/icarus-verilog/12.0/lib/ivl/v2009.vpi";
S_0x7fcca400d440 .scope package, "$unit" "$unit" 2 1;
 .timescale 0 0;
enum0x7fcca37193a0 .enum4 (7)
   "OP_LDUR" 7'b0000000,
   "OP_LDP" 7'b0000001,
   "OP_STUR" 7'b0000010,
   "OP_STP" 7'b0000011,
   "OP_MOVK" 7'b0000100,
   "OP_MOVZ" 7'b0000101,
   "OP_ADR" 7'b0000110,
   "OP_ADRP" 7'b0000111,
   "OP_CINC" 7'b0001000,
   "OP_CINV" 7'b0001001,
   "OP_CNEG" 7'b0001010,
   "OP_CSEL" 7'b0001011,
   "OP_CSET" 7'b0001100,
   "OP_CSETM" 7'b0001101,
   "OP_CSINC" 7'b0001110,
   "OP_CSINV" 7'b0001111,
   "OP_CSNEG" 7'b0010000,
   "OP_ADD" 7'b0010001,
   "OP_ADDS" 7'b0010010,
   "OP_SUB" 7'b0010011,
   "OP_SUBS" 7'b0010100,
   "OP_CMP" 7'b0010101,
   "OP_MVN" 7'b0010110,
   "OP_ORR" 7'b0010111,
   "OP_EOR" 7'b0011000,
   "OP_AND" 7'b0011001,
   "OP_ANDS" 7'b0011010,
   "OP_TST" 7'b0011011,
   "OP_LSL" 7'b0011100,
   "OP_LSR" 7'b0011101,
   "OP_SBFM" 7'b0011110,
   "OP_UBFM" 7'b0011111,
   "OP_ASR" 7'b0100000,
   "OP_B" 7'b0100001,
   "OP_BR" 7'b0100010,
   "OP_B_COND" 7'b0100011,
   "OP_BL" 7'b0100100,
   "OP_BLR" 7'b0100101,
   "OP_CBNZ" 7'b0100110,
   "OP_CBZ" 7'b0100111,
   "OP_RET" 7'b0101000,
   "OP_NOP" 7'b0101001,
   "OP_HLT" 7'b0101010
 ;
S_0x7fcca400d610 .scope module, "extract_immval" "extract_immval" 3 79;
 .timescale 0 0;
    .port_info 0 /INPUT 32 "insnbits";
    .port_info 1 /INPUT 7 "op";
    .port_info 2 /INPUT 1 "clk";
    .port_info 3 /OUTPUT 64 "imm";
o0x7fcca4332008 .functor BUFZ 1, C4<z>; HiZ drive
v0x7fcca400dd20_0 .net "clk", 0 0, o0x7fcca4332008;  0 drivers
v0x7fcca401dd20_0 .var "imm", 63 0;
o0x7fcca4332068 .functor BUFZ 32, C4<zzzzzzzzzzzzzzzzzzzzzzzzzzzzzzzz>; HiZ drive
v0x7fcca401ddc0_0 .net "insnbits", 31 0, o0x7fcca4332068;  0 drivers
o0x7fcca4332098 .functor BUFZ 7, C4<zzzzzzz>; HiZ drive
v0x7fcca401de70_0 .net "op", 6 0, o0x7fcca4332098;  0 drivers
E_0x7fcca400d5b0 .event posedge, v0x7fcca400dd20_0;
S_0x7fcca400d7e0 .scope module, "extract_reg" "extract_reg" 3 99;
 .timescale 0 0;
    .port_info 0 /INPUT 32 "insnbits";
    .port_info 1 /INPUT 7 "op";
    .port_info 2 /INPUT 1 "clk";
    .port_info 3 /OUTPUT 5 "src1";
    .port_info 4 /OUTPUT 5 "src2";
    .port_info 5 /OUTPUT 5 "dst";
o0x7fcca4332188 .functor BUFZ 1, C4<z>; HiZ drive
v0x7fcca401dfe0_0 .net "clk", 0 0, o0x7fcca4332188;  0 drivers
v0x7fcca401e090_0 .var "dst", 4 0;
o0x7fcca43321e8 .functor BUFZ 32, C4<zzzzzzzzzzzzzzzzzzzzzzzzzzzzzzzz>; HiZ drive
v0x7fcca401e130_0 .net "insnbits", 31 0, o0x7fcca43321e8;  0 drivers
o0x7fcca4332218 .functor BUFZ 7, C4<zzzzzzz>; HiZ drive
v0x7fcca401e1e0_0 .net "op", 6 0, o0x7fcca4332218;  0 drivers
v0x7fcca401e290_0 .var "src1", 4 0;
v0x7fcca401e380_0 .var "src2", 4 0;
E_0x7fcca401df80 .event posedge, v0x7fcca401dfe0_0;
S_0x7fcca400d9e0 .scope module, "pipeline_control" "pipeline_control" 3 145;
 .timescale 0 0;
    .port_info 0 /INPUT 7 "op";
    .port_info 1 /INPUT 1 "D_sigs_in";
    .port_info 2 /INPUT 2 "X_sigs_in";
    .port_info 3 /INPUT 2 "M_sigs_in";
    .port_info 4 /INPUT 3 "W_sigs_in";
    .port_info 5 /OUTPUT 1 "src2_sel";
    .port_info 6 /OUTPUT 1 "valb_sel";
    .port_info 7 /OUTPUT 1 "set_CC";
    .port_info 8 /OUTPUT 1 "dmem_read";
    .port_info 9 /OUTPUT 1 "dmem_write";
    .port_info 10 /OUTPUT 1 "dst_sel";
    .port_info 11 /OUTPUT 1 "wval_sel";
    .port_info 12 /OUTPUT 1 "w_enable";
o0x7fcca43323c8 .functor BUFZ 1, C4<z>; HiZ drive
v0x7fcca401e500_0 .net "D_sigs_in", 0 0, o0x7fcca43323c8;  0 drivers
o0x7fcca43323f8 .functor BUFZ 2, C4<zz>; HiZ drive
v0x7fcca401e5c0_0 .net "M_sigs_in", 1 0, o0x7fcca43323f8;  0 drivers
o0x7fcca4332428 .functor BUFZ 3, C4<zzz>; HiZ drive
v0x7fcca401e660_0 .net "W_sigs_in", 2 0, o0x7fcca4332428;  0 drivers
o0x7fcca4332458 .functor BUFZ 2, C4<zz>; HiZ drive
v0x7fcca401e700_0 .net "X_sigs_in", 1 0, o0x7fcca4332458;  0 drivers
v0x7fcca401e7b0_0 .var "dmem_read", 0 0;
v0x7fcca401e890_0 .var "dmem_write", 0 0;
v0x7fcca401e930_0 .var "dst_sel", 0 0;
o0x7fcca4332518 .functor BUFZ 7, C4<zzzzzzz>; HiZ drive
v0x7fcca401e9d0_0 .net "op", 6 0, o0x7fcca4332518;  0 drivers
v0x7fcca401ea80_0 .var "set_CC", 0 0;
v0x7fcca401eb90_0 .var "src2_sel", 0 0;
v0x7fcca401ec20_0 .var "valb_sel", 0 0;
v0x7fcca401ecc0_0 .var "w_enable", 0 0;
v0x7fcca401ed60_0 .var "wval_sel", 0 0;
E_0x7fcca401e4c0 .event anyedge, v0x7fcca401e9d0_0;
    .scope S_0x7fcca400d610;
T_0 ;
    %wait E_0x7fcca400d5b0;
    %load/vec4 v0x7fcca401de70_0;
    %dup/vec4;
    %pushi/vec4 0, 0, 7;
    %cmp/u;
    %jmp/1 T_0.0, 6;
    %dup/vec4;
    %pushi/vec4 2, 0, 7;
    %cmp/u;
    %jmp/1 T_0.1, 6;
    %dup/vec4;
    %pushi/vec4 17, 0, 7;
    %cmp/u;
    %jmp/1 T_0.2, 6;
    %dup/vec4;
    %pushi/vec4 19, 0, 7;
    %cmp/u;
    %jmp/1 T_0.3, 6;
    %dup/vec4;
    %pushi/vec4 31, 0, 7;
    %cmp/u;
    %jmp/1 T_0.4, 6;
    %dup/vec4;
    %pushi/vec4 32, 0, 7;
    %cmp/u;
    %jmp/1 T_0.5, 6;
    %dup/vec4;
    %pushi/vec4 4, 0, 7;
    %cmp/u;
    %jmp/1 T_0.6, 6;
    %dup/vec4;
    %pushi/vec4 5, 0, 7;
    %cmp/u;
    %jmp/1 T_0.7, 6;
    %dup/vec4;
    %pushi/vec4 7, 0, 7;
    %cmp/u;
    %jmp/1 T_0.8, 6;
    %pushi/vec4 0, 0, 64;
    %store/vec4 v0x7fcca401dd20_0, 0, 64;
    %jmp T_0.10;
T_0.0 ;
    %load/vec4 v0x7fcca401ddc0_0;
    %parti/s 9, 12, 5;
    %pad/u 64;
    %store/vec4 v0x7fcca401dd20_0, 0, 64;
    %jmp T_0.10;
T_0.1 ;
    %load/vec4 v0x7fcca401ddc0_0;
    %parti/s 9, 12, 5;
    %pad/u 64;
    %store/vec4 v0x7fcca401dd20_0, 0, 64;
    %jmp T_0.10;
T_0.2 ;
    %load/vec4 v0x7fcca401ddc0_0;
    %parti/s 12, 10, 5;
    %pad/u 64;
    %store/vec4 v0x7fcca401dd20_0, 0, 64;
    %jmp T_0.10;
T_0.3 ;
    %load/vec4 v0x7fcca401ddc0_0;
    %parti/s 12, 10, 5;
    %pad/u 64;
    %store/vec4 v0x7fcca401dd20_0, 0, 64;
    %jmp T_0.10;
T_0.4 ;
    %load/vec4 v0x7fcca401ddc0_0;
    %parti/s 12, 10, 5;
    %pad/u 64;
    %store/vec4 v0x7fcca401dd20_0, 0, 64;
    %jmp T_0.10;
T_0.5 ;
    %load/vec4 v0x7fcca401ddc0_0;
    %parti/s 12, 10, 5;
    %pad/u 64;
    %store/vec4 v0x7fcca401dd20_0, 0, 64;
    %jmp T_0.10;
T_0.6 ;
    %load/vec4 v0x7fcca401ddc0_0;
    %parti/s 16, 5, 4;
    %pad/u 64;
    %store/vec4 v0x7fcca401dd20_0, 0, 64;
    %jmp T_0.10;
T_0.7 ;
    %load/vec4 v0x7fcca401ddc0_0;
    %parti/s 16, 5, 4;
    %pad/u 64;
    %store/vec4 v0x7fcca401dd20_0, 0, 64;
    %jmp T_0.10;
T_0.8 ;
    %load/vec4 v0x7fcca401ddc0_0;
    %parti/s 19, 5, 4;
    %pad/u 64;
    %ix/load 4, 14, 0;
    %flag_set/imm 4, 0;
    %shiftl 4;
    %load/vec4 v0x7fcca401ddc0_0;
    %parti/s 3, 29, 6;
    %pad/u 64;
    %ix/load 4, 12, 0;
    %flag_set/imm 4, 0;
    %shiftl 4;
    %or;
    %store/vec4 v0x7fcca401dd20_0, 0, 64;
    %jmp T_0.10;
T_0.10 ;
    %pop/vec4 1;
    %jmp T_0;
    .thread T_0;
    .scope S_0x7fcca400d7e0;
T_1 ;
    %wait E_0x7fcca401df80;
    %load/vec4 v0x7fcca401e1e0_0;
    %cmpi/ne 33, 0, 7;
    %flag_get/vec4 4;
    %jmp/0 T_1.10, 4;
    %load/vec4 v0x7fcca401e1e0_0;
    %pushi/vec4 34, 0, 7;
    %cmp/ne;
    %flag_get/vec4 4;
    %and;
T_1.10;
    %flag_set/vec4 16;
    %flag_get/vec4 16;
    %jmp/0 T_1.9, 16;
    %load/vec4 v0x7fcca401e1e0_0;
    %pushi/vec4 35, 0, 7;
    %cmp/ne;
    %flag_get/vec4 4;
    %and;
T_1.9;
    %flag_set/vec4 15;
    %flag_get/vec4 15;
    %jmp/0 T_1.8, 15;
    %load/vec4 v0x7fcca401e1e0_0;
    %pushi/vec4 36, 0, 7;
    %cmp/ne;
    %flag_get/vec4 4;
    %and;
T_1.8;
    %flag_set/vec4 14;
    %flag_get/vec4 14;
    %jmp/0 T_1.7, 14;
    %load/vec4 v0x7fcca401e1e0_0;
    %pushi/vec4 37, 0, 7;
    %cmp/ne;
    %flag_get/vec4 4;
    %and;
T_1.7;
    %flag_set/vec4 13;
    %flag_get/vec4 13;
    %jmp/0 T_1.6, 13;
    %load/vec4 v0x7fcca401e1e0_0;
    %pushi/vec4 40, 0, 7;
    %cmp/ne;
    %flag_get/vec4 4;
    %and;
T_1.6;
    %flag_set/vec4 12;
    %flag_get/vec4 12;
    %jmp/0 T_1.5, 12;
    %load/vec4 v0x7fcca401e1e0_0;
    %pushi/vec4 41, 0, 7;
    %cmp/ne;
    %flag_get/vec4 4;
    %and;
T_1.5;
    %flag_set/vec4 11;
    %flag_get/vec4 11;
    %jmp/0 T_1.4, 11;
    %load/vec4 v0x7fcca401e1e0_0;
    %pushi/vec4 42, 0, 7;
    %cmp/ne;
    %flag_get/vec4 4;
    %and;
T_1.4;
    %flag_set/vec4 10;
    %flag_get/vec4 10;
    %jmp/0 T_1.3, 10;
    %load/vec4 v0x7fcca401e1e0_0;
    %pushi/vec4 39, 0, 7;
    %cmp/ne;
    %flag_get/vec4 4;
    %and;
T_1.3;
    %flag_set/vec4 9;
    %flag_get/vec4 9;
    %jmp/0 T_1.2, 9;
    %load/vec4 v0x7fcca401e1e0_0;
    %pushi/vec4 38, 0, 7;
    %cmp/ne;
    %flag_get/vec4 4;
    %and;
T_1.2;
    %flag_set/vec4 8;
    %jmp/0xz  T_1.0, 8;
    %load/vec4 v0x7fcca401e130_0;
    %parti/s 5, 0, 2;
    %store/vec4 v0x7fcca401e090_0, 0, 5;
    %jmp T_1.1;
T_1.0 ;
    %load/vec4 v0x7fcca401e1e0_0;
    %cmpi/e 36, 0, 7;
    %jmp/0xz  T_1.11, 4;
    %pushi/vec4 30, 0, 5;
    %store/vec4 v0x7fcca401e090_0, 0, 5;
T_1.11 ;
T_1.1 ;
    %load/vec4 v0x7fcca401e1e0_0;
    %cmpi/ne 4, 0, 7;
    %flag_get/vec4 4;
    %jmp/0 T_1.18, 4;
    %load/vec4 v0x7fcca401e1e0_0;
    %pushi/vec4 5, 0, 7;
    %cmp/ne;
    %flag_get/vec4 4;
    %and;
T_1.18;
    %flag_set/vec4 9;
    %flag_get/vec4 9;
    %jmp/0 T_1.17, 9;
    %load/vec4 v0x7fcca401e1e0_0;
    %pushi/vec4 6, 0, 7;
    %cmp/ne;
    %flag_get/vec4 4;
    %and;
T_1.17;
    %flag_set/vec4 8;
    %jmp/1 T_1.16, 8;
    %load/vec4 v0x7fcca401e1e0_0;
    %cmpi/ne 7, 0, 7;
    %flag_or 8, 4;
T_1.16;
    %jmp/1 T_1.15, 8;
    %load/vec4 v0x7fcca401e1e0_0;
    %cmpi/ne 33, 0, 7;
    %flag_get/vec4 4;
    %jmp/0 T_1.26, 4;
    %load/vec4 v0x7fcca401e1e0_0;
    %pushi/vec4 34, 0, 7;
    %cmp/ne;
    %flag_get/vec4 4;
    %and;
T_1.26;
    %flag_set/vec4 16;
    %flag_get/vec4 16;
    %jmp/0 T_1.25, 16;
    %load/vec4 v0x7fcca401e1e0_0;
    %pushi/vec4 35, 0, 7;
    %cmp/ne;
    %flag_get/vec4 4;
    %and;
T_1.25;
    %flag_set/vec4 15;
    %flag_get/vec4 15;
    %jmp/0 T_1.24, 15;
    %load/vec4 v0x7fcca401e1e0_0;
    %pushi/vec4 36, 0, 7;
    %cmp/ne;
    %flag_get/vec4 4;
    %and;
T_1.24;
    %flag_set/vec4 14;
    %flag_get/vec4 14;
    %jmp/0 T_1.23, 14;
    %load/vec4 v0x7fcca401e1e0_0;
    %pushi/vec4 37, 0, 7;
    %cmp/ne;
    %flag_get/vec4 4;
    %and;
T_1.23;
    %flag_set/vec4 13;
    %flag_get/vec4 13;
    %jmp/0 T_1.22, 13;
    %load/vec4 v0x7fcca401e1e0_0;
    %pushi/vec4 41, 0, 7;
    %cmp/ne;
    %flag_get/vec4 4;
    %and;
T_1.22;
    %flag_set/vec4 12;
    %flag_get/vec4 12;
    %jmp/0 T_1.21, 12;
    %load/vec4 v0x7fcca401e1e0_0;
    %pushi/vec4 42, 0, 7;
    %cmp/ne;
    %flag_get/vec4 4;
    %and;
T_1.21;
    %flag_set/vec4 11;
    %flag_get/vec4 11;
    %jmp/0 T_1.20, 11;
    %load/vec4 v0x7fcca401e1e0_0;
    %pushi/vec4 39, 0, 7;
    %cmp/ne;
    %flag_get/vec4 4;
    %and;
T_1.20;
    %flag_set/vec4 10;
    %flag_get/vec4 10;
    %jmp/0 T_1.19, 10;
    %load/vec4 v0x7fcca401e1e0_0;
    %pushi/vec4 38, 0, 7;
    %cmp/ne;
    %flag_get/vec4 4;
    %and;
T_1.19;
    %flag_set/vec4 9;
    %flag_or 8, 9;
T_1.15;
    %jmp/0xz  T_1.13, 8;
    %load/vec4 v0x7fcca401e130_0;
    %parti/s 5, 5, 4;
    %store/vec4 v0x7fcca401e290_0, 0, 5;
    %jmp T_1.14;
T_1.13 ;
    %load/vec4 v0x7fcca401e1e0_0;
    %cmpi/e 39, 0, 7;
    %jmp/1 T_1.29, 4;
    %flag_mov 8, 4;
    %load/vec4 v0x7fcca401e1e0_0;
    %cmpi/e 38, 0, 7;
    %flag_or 4, 8;
T_1.29;
    %jmp/0xz  T_1.27, 4;
    %load/vec4 v0x7fcca401e130_0;
    %parti/s 6, 0, 2;
    %pad/u 5;
    %store/vec4 v0x7fcca401e290_0, 0, 5;
T_1.27 ;
T_1.14 ;
    %load/vec4 v0x7fcca401e1e0_0;
    %cmpi/e 2, 0, 7;
    %jmp/0xz  T_1.30, 4;
    %load/vec4 v0x7fcca401e130_0;
    %parti/s 5, 0, 2;
    %store/vec4 v0x7fcca401e380_0, 0, 5;
    %jmp T_1.31;
T_1.30 ;
    %load/vec4 v0x7fcca401e1e0_0;
    %cmpi/e 18, 0, 7;
    %jmp/1 T_1.51, 4;
    %flag_mov 8, 4;
    %load/vec4 v0x7fcca401e1e0_0;
    %cmpi/e 20, 0, 7;
    %flag_or 4, 8;
T_1.51;
    %jmp/1 T_1.50, 4;
    %flag_mov 8, 4;
    %load/vec4 v0x7fcca401e1e0_0;
    %cmpi/e 21, 0, 7;
    %flag_or 4, 8;
T_1.50;
    %jmp/1 T_1.49, 4;
    %flag_mov 8, 4;
    %load/vec4 v0x7fcca401e1e0_0;
    %cmpi/e 22, 0, 7;
    %flag_or 4, 8;
T_1.49;
    %jmp/1 T_1.48, 4;
    %flag_mov 8, 4;
    %load/vec4 v0x7fcca401e1e0_0;
    %cmpi/e 23, 0, 7;
    %flag_or 4, 8;
T_1.48;
    %jmp/1 T_1.47, 4;
    %flag_mov 8, 4;
    %load/vec4 v0x7fcca401e1e0_0;
    %cmpi/e 24, 0, 7;
    %flag_or 4, 8;
T_1.47;
    %jmp/1 T_1.46, 4;
    %flag_mov 8, 4;
    %load/vec4 v0x7fcca401e1e0_0;
    %cmpi/e 26, 0, 7;
    %flag_or 4, 8;
T_1.46;
    %jmp/1 T_1.45, 4;
    %flag_mov 8, 4;
    %load/vec4 v0x7fcca401e1e0_0;
    %cmpi/e 27, 0, 7;
    %flag_or 4, 8;
T_1.45;
    %jmp/1 T_1.44, 4;
    %flag_mov 8, 4;
    %load/vec4 v0x7fcca401e1e0_0;
    %cmpi/e 8, 0, 7;
    %flag_or 4, 8;
T_1.44;
    %jmp/1 T_1.43, 4;
    %flag_mov 8, 4;
    %load/vec4 v0x7fcca401e1e0_0;
    %cmpi/e 9, 0, 7;
    %flag_or 4, 8;
T_1.43;
    %jmp/1 T_1.42, 4;
    %flag_mov 8, 4;
    %load/vec4 v0x7fcca401e1e0_0;
    %cmpi/e 10, 0, 7;
    %flag_or 4, 8;
T_1.42;
    %jmp/1 T_1.41, 4;
    %flag_mov 8, 4;
    %load/vec4 v0x7fcca401e1e0_0;
    %cmpi/e 12, 0, 7;
    %flag_or 4, 8;
T_1.41;
    %jmp/1 T_1.40, 4;
    %flag_mov 8, 4;
    %load/vec4 v0x7fcca401e1e0_0;
    %cmpi/e 13, 0, 7;
    %flag_or 4, 8;
T_1.40;
    %jmp/1 T_1.39, 4;
    %flag_mov 8, 4;
    %load/vec4 v0x7fcca401e1e0_0;
    %cmpi/e 14, 0, 7;
    %flag_or 4, 8;
T_1.39;
    %jmp/1 T_1.38, 4;
    %flag_mov 8, 4;
    %load/vec4 v0x7fcca401e1e0_0;
    %cmpi/e 15, 0, 7;
    %flag_or 4, 8;
T_1.38;
    %jmp/1 T_1.37, 4;
    %flag_mov 8, 4;
    %load/vec4 v0x7fcca401e1e0_0;
    %cmpi/e 11, 0, 7;
    %flag_or 4, 8;
T_1.37;
    %jmp/1 T_1.36, 4;
    %flag_mov 8, 4;
    %load/vec4 v0x7fcca401e1e0_0;
    %cmpi/e 15, 0, 7;
    %flag_or 4, 8;
T_1.36;
    %jmp/1 T_1.35, 4;
    %flag_mov 8, 4;
    %load/vec4 v0x7fcca401e1e0_0;
    %cmpi/e 14, 0, 7;
    %flag_or 4, 8;
T_1.35;
    %jmp/1 T_1.34, 4;
    %flag_mov 8, 4;
    %load/vec4 v0x7fcca401e1e0_0;
    %cmpi/e 16, 0, 7;
    %flag_or 4, 8;
T_1.34;
    %jmp/0xz  T_1.32, 4;
    %load/vec4 v0x7fcca401e130_0;
    %parti/s 6, 16, 6;
    %pad/u 5;
    %store/vec4 v0x7fcca401e380_0, 0, 5;
T_1.32 ;
T_1.31 ;
    %jmp T_1;
    .thread T_1;
    .scope S_0x7fcca400d9e0;
T_2 ;
    %wait E_0x7fcca401e4c0;
    %load/vec4 v0x7fcca401e9d0_0;
    %pushi/vec4 2, 0, 7;
    %cmp/e;
    %flag_get/vec4 4;
    %store/vec4 v0x7fcca401eb90_0, 0, 1;
    %load/vec4 v0x7fcca401e9d0_0;
    %cmpi/e 18, 0, 7;
    %jmp/1 T_2.10, 4;
    %flag_mov 8, 4;
    %load/vec4 v0x7fcca401e9d0_0;
    %cmpi/e 26, 0, 7;
    %flag_or 4, 8;
T_2.10;
    %jmp/1 T_2.9, 4;
    %flag_mov 8, 4;
    %load/vec4 v0x7fcca401e9d0_0;
    %cmpi/e 20, 0, 7;
    %flag_or 4, 8;
T_2.9;
    %jmp/1 T_2.8, 4;
    %flag_mov 8, 4;
    %load/vec4 v0x7fcca401e9d0_0;
    %cmpi/e 21, 0, 7;
    %flag_or 4, 8;
T_2.8;
    %jmp/1 T_2.7, 4;
    %flag_mov 8, 4;
    %load/vec4 v0x7fcca401e9d0_0;
    %cmpi/e 27, 0, 7;
    %flag_or 4, 8;
T_2.7;
    %jmp/1 T_2.6, 4;
    %flag_mov 8, 4;
    %load/vec4 v0x7fcca401e9d0_0;
    %cmpi/e 23, 0, 7;
    %flag_or 4, 8;
T_2.6;
    %jmp/1 T_2.5, 4;
    %flag_mov 8, 4;
    %load/vec4 v0x7fcca401e9d0_0;
    %cmpi/e 24, 0, 7;
    %flag_or 4, 8;
T_2.5;
    %jmp/1 T_2.4, 4;
    %flag_mov 8, 4;
    %load/vec4 v0x7fcca401e9d0_0;
    %cmpi/e 22, 0, 7;
    %flag_or 4, 8;
T_2.4;
    %jmp/1 T_2.3, 4;
    %flag_mov 8, 4;
    %load/vec4 v0x7fcca401e9d0_0;
    %cmpi/e 11, 0, 7;
    %flag_or 4, 8;
T_2.3;
    %jmp/1 T_2.2, 4;
    %flag_mov 8, 4;
    %load/vec4 v0x7fcca401e9d0_0;
    %cmpi/e 15, 0, 7;
    %flag_or 4, 8;
T_2.2;
    %jmp/1 T_2.1, 4;
    %flag_mov 8, 4;
    %load/vec4 v0x7fcca401e9d0_0;
    %cmpi/e 14, 0, 7;
    %flag_or 4, 8;
T_2.1;
    %flag_get/vec4 4;
    %jmp/1 T_2.0, 4;
    %load/vec4 v0x7fcca401e9d0_0;
    %pushi/vec4 16, 0, 7;
    %cmp/e;
    %flag_get/vec4 4;
    %or;
T_2.0;
    %store/vec4 v0x7fcca401ec20_0, 0, 1;
    %load/vec4 v0x7fcca401e9d0_0;
    %cmpi/e 18, 0, 7;
    %jmp/1 T_2.14, 4;
    %flag_mov 8, 4;
    %load/vec4 v0x7fcca401e9d0_0;
    %cmpi/e 26, 0, 7;
    %flag_or 4, 8;
T_2.14;
    %jmp/1 T_2.13, 4;
    %flag_mov 8, 4;
    %load/vec4 v0x7fcca401e9d0_0;
    %cmpi/e 20, 0, 7;
    %flag_or 4, 8;
T_2.13;
    %jmp/1 T_2.12, 4;
    %flag_mov 8, 4;
    %load/vec4 v0x7fcca401e9d0_0;
    %cmpi/e 21, 0, 7;
    %flag_or 4, 8;
T_2.12;
    %flag_get/vec4 4;
    %jmp/1 T_2.11, 4;
    %load/vec4 v0x7fcca401e9d0_0;
    %pushi/vec4 27, 0, 7;
    %cmp/e;
    %flag_get/vec4 4;
    %or;
T_2.11;
    %store/vec4 v0x7fcca401ea80_0, 0, 1;
    %load/vec4 v0x7fcca401e9d0_0;
    %pushi/vec4 0, 0, 7;
    %cmp/e;
    %flag_get/vec4 4;
    %store/vec4 v0x7fcca401e7b0_0, 0, 1;
    %load/vec4 v0x7fcca401e9d0_0;
    %pushi/vec4 2, 0, 7;
    %cmp/e;
    %flag_get/vec4 4;
    %store/vec4 v0x7fcca401e890_0, 0, 1;
    %load/vec4 v0x7fcca401e9d0_0;
    %cmpi/e 36, 0, 7;
    %flag_get/vec4 4;
    %jmp/1 T_2.15, 4;
    %load/vec4 v0x7fcca401e9d0_0;
    %pushi/vec4 37, 0, 7;
    %cmp/e;
    %flag_get/vec4 4;
    %or;
T_2.15;
    %store/vec4 v0x7fcca401e930_0, 0, 1;
    %load/vec4 v0x7fcca401e9d0_0;
    %pushi/vec4 0, 0, 7;
    %cmp/e;
    %flag_get/vec4 4;
    %store/vec4 v0x7fcca401ed60_0, 0, 1;
    %load/vec4 v0x7fcca401e9d0_0;
    %cmpi/e 2, 0, 7;
    %jmp/1 T_2.25, 4;
    %flag_mov 8, 4;
    %load/vec4 v0x7fcca401e9d0_0;
    %cmpi/e 33, 0, 7;
    %flag_or 4, 8;
T_2.25;
    %jmp/1 T_2.24, 4;
    %flag_mov 8, 4;
    %load/vec4 v0x7fcca401e9d0_0;
    %cmpi/e 35, 0, 7;
    %flag_or 4, 8;
T_2.24;
    %jmp/1 T_2.23, 4;
    %flag_mov 8, 4;
    %load/vec4 v0x7fcca401e9d0_0;
    %cmpi/e 40, 0, 7;
    %flag_or 4, 8;
T_2.23;
    %jmp/1 T_2.22, 4;
    %flag_mov 8, 4;
    %load/vec4 v0x7fcca401e9d0_0;
    %cmpi/e 41, 0, 7;
    %flag_or 4, 8;
T_2.22;
    %jmp/1 T_2.21, 4;
    %flag_mov 8, 4;
    %load/vec4 v0x7fcca401e9d0_0;
    %cmpi/e 42, 0, 7;
    %flag_or 4, 8;
T_2.21;
    %jmp/1 T_2.20, 4;
    %flag_mov 8, 4;
    %load/vec4 v0x7fcca401e9d0_0;
    %cmpi/e 21, 0, 7;
    %flag_or 4, 8;
T_2.20;
    %jmp/1 T_2.19, 4;
    %flag_mov 8, 4;
    %load/vec4 v0x7fcca401e9d0_0;
    %cmpi/e 27, 0, 7;
    %flag_or 4, 8;
T_2.19;
    %jmp/1 T_2.18, 4;
    %flag_mov 8, 4;
    %load/vec4 v0x7fcca401e9d0_0;
    %cmpi/e 39, 0, 7;
    %flag_or 4, 8;
T_2.18;
    %jmp/1 T_2.17, 4;
    %flag_mov 8, 4;
    %load/vec4 v0x7fcca401e9d0_0;
    %cmpi/e 38, 0, 7;
    %flag_or 4, 8;
T_2.17;
    %flag_get/vec4 4;
    %jmp/1 T_2.16, 4;
    %load/vec4 v0x7fcca401e9d0_0;
    %pushi/vec4 34, 0, 7;
    %cmp/e;
    %flag_get/vec4 4;
    %or;
T_2.16;
    %nor/r;
    %store/vec4 v0x7fcca401ecc0_0, 0, 1;
    %jmp T_2;
    .thread T_2, $push;
# The file index is used to find the file name in the following table.
:file_names 4;
    "N/A";
    "<interactive>";
    "-";
    "decode.sv";
